<?xml version="1.0" encoding="UTF-8"?>
<!-- Generated by org.testng.reporters.JUnitReportReporter -->
<testsuite hostname="Laptop-RY-04" failures="0" tests="2" name="com.qa.testcases.TestLoginpage" time="27.219" errors="0" timestamp="10 Aug 2021 10:05:18 GMT">
  <testcase classname="com.qa.testcases.TestLoginpage" name="logverifytitleofthepage" time="11.810"/>
  <testcase classname="com.qa.testcases.TestLoginpage" name="Login" time="15.409"/>
</testsuite> <!-- com.qa.testcases.TestLoginpage -->
