<?xml version="1.0" encoding="UTF-8"?>
<!-- Generated by org.testng.reporters.JUnitReportReporter -->
<testsuite hostname="Laptop-RY-04" failures="0" tests="2" name="com.qa.testcases.TestLoginpage" time="19.227" errors="0" timestamp="4 Aug 2021 06:08:24 GMT">
  <testcase classname="com.qa.testcases.TestLoginpage" name="logverifytitleofthepage" time="6.607"/>
  <testcase classname="com.qa.testcases.TestLoginpage" name="Login" time="12.620"/>
</testsuite> <!-- com.qa.testcases.TestLoginpage -->
