<?xml version="1.0" encoding="UTF-8"?>
<!-- Generated by org.testng.reporters.JUnitReportReporter -->
<testsuite hostname="Laptop-RY-04" failures="0" tests="1" name="com.qa.testcases.Testaddworkorder" time="42.453" errors="0" timestamp="10 Aug 2021 10:20:15 GMT">
  <testcase classname="com.qa.testcases.Testaddworkorder" name="filterlist" time="42.453"/>
</testsuite> <!-- com.qa.testcases.Testaddworkorder -->
